<?xml version="1.0" encoding="UTF-8"?>
<testng-results skipped="0" failed="0" total="2" passed="2">
  <reporter-output>
  </reporter-output>
  <suite name="Suite" duration-ms="22795" started-at="2019-05-22T08:46:53Z" finished-at="2019-05-22T08:47:16Z">
    <groups>
    </groups>
    <test name="Test" duration-ms="22795" started-at="2019-05-22T08:46:53Z" finished-at="2019-05-22T08:47:16Z">
      <class name="UsingTestNG.testNG2">
        <test-method status="PASS" signature="testmethod2()[pri:0, instance:UsingTestNG.testNG2@7a92922]" name="testmethod2" duration-ms="16175" started-at="2019-05-22T14:16:53Z" finished-at="2019-05-22T14:17:10Z">
          <reporter-output>
          </reporter-output>
        </test-method> <!-- testmethod2 -->
      </class> <!-- UsingTestNG.testNG2 -->
      <class name="UsingTestNG.testNG1">
        <test-method status="PASS" signature="method1()[pri:0, instance:UsingTestNG.testNG1@5474c6c]" name="method1" duration-ms="6593" started-at="2019-05-22T14:17:10Z" finished-at="2019-05-22T14:17:16Z">
          <reporter-output>
          </reporter-output>
        </test-method> <!-- method1 -->
      </class> <!-- UsingTestNG.testNG1 -->
    </test> <!-- Test -->
  </suite> <!-- Suite -->
</testng-results>
